{"uuid":"60e977d8-f19b-49f1-86b0-4024e389877f","historyId":"f320ecfb004ad2e9bf5d5d57b7f43c79","fullName":"src.RegistrationUserTest.testRegistrationYandex","labels":[{"name":"package","value":"src"},{"name":"testClass","value":"src.RegistrationUserTest"},{"name":"testMethod","value":"testRegistrationYandex"},{"name":"suite","value":"Регистрация"},{"name":"host","value":"nuc"},{"name":"thread","value":"37129@nuc.main(1)"},{"name":"framework","value":"junit4"},{"name":"language","value":"java"}],"links":[],"name":"Регистрация в Yandex","status":"broken","statusDetails":{"known":false,"muted":false,"flaky":false,"message":"Element <a class=\"AppHeader_header__link__3D_hX\" href=\"/account\"> is not clickable at point (1176,44) because another element <div class=\"Modal_modal_overlay__x2ZCr\"> obscures it\nBuild info: version: '4.27.0', revision: 'd6e718d134'\nSystem info: os.name: 'Linux', os.arch: 'amd64', os.version: '6.7.12-x64v4-xanmod1', java.version: '11.0.25'\nDriver info: org.openqa.selenium.firefox.FirefoxDriver\nCommand: [28498ca9-8d27-4ac8-92ee-410533d096a0, clickElement {id=a818e537-40b7-48e7-9fa5-51ad27520e5c}]\nCapabilities {acceptInsecureCerts: true, browserName: firefox, browserVersion: 132.0.1, moz:accessibilityChecks: false, moz:buildID: 20241103194048, moz:debuggerAddress: 127.0.0.1:20235, moz:geckodriverVersion: 0.35.0, moz:headless: false, moz:platformVersion: 6.7.12-x64v4-xanmod1, moz:processID: 41120, moz:profile: /tmp/rust_mozprofile489MXq, moz:shutdownTimeout: 60000, moz:webdriverClick: true, moz:windowless: false, pageLoadStrategy: normal, platformName: linux, proxy: Proxy(), se:cdp: ws://127.0.0.1:20235/devtoo..., se:cdpVersion: 85.0, setWindowRect: true, strictFileInteractability: false, timeouts: {implicit: 0, pageLoad: 300000, script: 30000}, unhandledPromptBehavior: dismiss and notify, userAgent: Mozilla/5.0 (X11; Linux x86...}\nElement: [[FirefoxDriver: firefox on linux (28498ca9-8d27-4ac8-92ee-410533d096a0)] -> xpath: //a[@class='AppHeader_header__link__3D_hX' and @href='/account']]\nSession ID: 28498ca9-8d27-4ac8-92ee-410533d096a0","trace":"org.openqa.selenium.ElementClickInterceptedException: Element <a class=\"AppHeader_header__link__3D_hX\" href=\"/account\"> is not clickable at point (1176,44) because another element <div class=\"Modal_modal_overlay__x2ZCr\"> obscures it\nBuild info: version: '4.27.0', revision: 'd6e718d134'\nSystem info: os.name: 'Linux', os.arch: 'amd64', os.version: '6.7.12-x64v4-xanmod1', java.version: '11.0.25'\nDriver info: org.openqa.selenium.firefox.FirefoxDriver\nCommand: [28498ca9-8d27-4ac8-92ee-410533d096a0, clickElement {id=a818e537-40b7-48e7-9fa5-51ad27520e5c}]\nCapabilities {acceptInsecureCerts: true, browserName: firefox, browserVersion: 132.0.1, moz:accessibilityChecks: false, moz:buildID: 20241103194048, moz:debuggerAddress: 127.0.0.1:20235, moz:geckodriverVersion: 0.35.0, moz:headless: false, moz:platformVersion: 6.7.12-x64v4-xanmod1, moz:processID: 41120, moz:profile: /tmp/rust_mozprofile489MXq, moz:shutdownTimeout: 60000, moz:webdriverClick: true, moz:windowless: false, pageLoadStrategy: normal, platformName: linux, proxy: Proxy(), se:cdp: ws://127.0.0.1:20235/devtoo..., se:cdpVersion: 85.0, setWindowRect: true, strictFileInteractability: false, timeouts: {implicit: 0, pageLoad: 300000, script: 30000}, unhandledPromptBehavior: dismiss and notify, userAgent: Mozilla/5.0 (X11; Linux x86...}\nElement: [[FirefoxDriver: firefox on linux (28498ca9-8d27-4ac8-92ee-410533d096a0)] -> xpath: //a[@class='AppHeader_header__link__3D_hX' and @href='/account']]\nSession ID: 28498ca9-8d27-4ac8-92ee-410533d096a0\n\tat java.base/jdk.internal.reflect.NativeConstructorAccessorImpl.newInstance0(Native Method)\n\tat java.base/jdk.internal.reflect.NativeConstructorAccessorImpl.newInstance(NativeConstructorAccessorImpl.java:62)\n\tat java.base/jdk.internal.reflect.DelegatingConstructorAccessorImpl.newInstance(DelegatingConstructorAccessorImpl.java:45)\n\tat java.base/java.lang.reflect.Constructor.newInstance(Constructor.java:490)\n\tat org.openqa.selenium.remote.ErrorCodec.decode(ErrorCodec.java:167)\n\tat org.openqa.selenium.remote.codec.w3c.W3CHttpResponseCodec.decode(W3CHttpResponseCodec.java:138)\n\tat org.openqa.selenium.remote.codec.w3c.W3CHttpResponseCodec.decode(W3CHttpResponseCodec.java:50)\n\tat org.openqa.selenium.remote.HttpCommandExecutor.execute(HttpCommandExecutor.java:190)\n\tat org.openqa.selenium.remote.service.DriverCommandExecutor.invokeExecute(DriverCommandExecutor.java:216)\n\tat org.openqa.selenium.remote.service.DriverCommandExecutor.execute(DriverCommandExecutor.java:174)\n\tat org.openqa.selenium.remote.RemoteWebDriver.execute(RemoteWebDriver.java:545)\n\tat org.openqa.selenium.remote.RemoteWebElement.execute(RemoteWebElement.java:223)\n\tat org.openqa.selenium.remote.RemoteWebElement.click(RemoteWebElement.java:76)\n\tat src.MainPage.clickPersonalAccountButton(MainPage.java:27)\n\tat src.RegistrationUserTest.testRegistrationYandex(RegistrationUserTest.java:102)\n\tat java.base/jdk.internal.reflect.NativeMethodAccessorImpl.invoke0(Native Method)\n\tat java.base/jdk.internal.reflect.NativeMethodAccessorImpl.invoke(NativeMethodAccessorImpl.java:62)\n\tat java.base/jdk.internal.reflect.DelegatingMethodAccessorImpl.invoke(DelegatingMethodAccessorImpl.java:43)\n\tat java.base/java.lang.reflect.Method.invoke(Method.java:566)\n\tat org.junit.runners.model.FrameworkMethod$1.runReflectiveCall(FrameworkMethod.java:59)\n\tat org.junit.internal.runners.model.ReflectiveCallable.run(ReflectiveCallable.java:12)\n\tat org.junit.runners.model.FrameworkMethod.invokeExplosively(FrameworkMethod.java:56)\n\tat org.junit.internal.runners.statements.InvokeMethod.evaluate(InvokeMethod.java:17)\n\tat org.junit.internal.runners.statements.RunBefores.evaluate(RunBefores.java:26)\n\tat org.junit.internal.runners.statements.RunAfters.evaluate(RunAfters.java:27)\n\tat org.junit.runners.ParentRunner$3.evaluate(ParentRunner.java:306)\n\tat org.junit.runners.BlockJUnit4ClassRunner$1.evaluate(BlockJUnit4ClassRunner.java:100)\n\tat org.junit.runners.ParentRunner.runLeaf(ParentRunner.java:366)\n\tat org.junit.runners.BlockJUnit4ClassRunner.runChild(BlockJUnit4ClassRunner.java:103)\n\tat org.junit.runners.BlockJUnit4ClassRunner.runChild(BlockJUnit4ClassRunner.java:63)\n\tat org.junit.runners.ParentRunner$4.run(ParentRunner.java:331)\n\tat org.junit.runners.ParentRunner$1.schedule(ParentRunner.java:79)\n\tat org.junit.runners.ParentRunner.runChildren(ParentRunner.java:329)\n\tat org.junit.runners.ParentRunner.access$100(ParentRunner.java:66)\n\tat org.junit.runners.ParentRunner$2.evaluate(ParentRunner.java:293)\n\tat org.junit.runners.ParentRunner$3.evaluate(ParentRunner.java:306)\n\tat org.junit.runners.ParentRunner.run(ParentRunner.java:413)\n\tat org.apache.maven.surefire.junit4.JUnit4Provider.execute(JUnit4Provider.java:365)\n\tat org.apache.maven.surefire.junit4.JUnit4Provider.executeWithRerun(JUnit4Provider.java:273)\n\tat org.apache.maven.surefire.junit4.JUnit4Provider.executeTestSet(JUnit4Provider.java:238)\n\tat org.apache.maven.surefire.junit4.JUnit4Provider.invoke(JUnit4Provider.java:159)\n\tat org.apache.maven.surefire.booter.ForkedBooter.invokeProviderInSameClassLoader(ForkedBooter.java:384)\n\tat org.apache.maven.surefire.booter.ForkedBooter.runSuitesInProcess(ForkedBooter.java:345)\n\tat org.apache.maven.surefire.booter.ForkedBooter.execute(ForkedBooter.java:126)\n\tat org.apache.maven.surefire.booter.ForkedBooter.main(ForkedBooter.java:418)\n"},"stage":"finished","description":"Успешная регистрация в Yandex","steps":[{"name":"Создать случайного пользователя","status":"passed","stage":"finished","steps":[],"attachments":[],"parameters":[],"start":1734172101957,"stop":1734172101957},{"name":"Регистрация в Yandex","status":"broken","statusDetails":{"known":false,"muted":false,"flaky":false,"message":"Element <a class=\"AppHeader_header__link__3D_hX\" href=\"/account\"> is not clickable at point (1176,44) because another element <div class=\"Modal_modal_overlay__x2ZCr\"> obscures it\nBuild info: version: '4.27.0', revision: 'd6e718d134'\nSystem info: os.name: 'Linux', os.arch: 'amd64', os.version: '6.7.12-x64v4-xanmod1', java.version: '11.0.25'\nDriver info: org.openqa.selenium.firefox.FirefoxDriver\nCommand: [28498ca9-8d27-4ac8-92ee-410533d096a0, clickElement {id=a818e537-40b7-48e7-9fa5-51ad27520e5c}]\nCapabilities {acceptInsecureCerts: true, browserName: firefox, browserVersion: 132.0.1, moz:accessibilityChecks: false, moz:buildID: 20241103194048, moz:debuggerAddress: 127.0.0.1:20235, moz:geckodriverVersion: 0.35.0, moz:headless: false, moz:platformVersion: 6.7.12-x64v4-xanmod1, moz:processID: 41120, moz:profile: /tmp/rust_mozprofile489MXq, moz:shutdownTimeout: 60000, moz:webdriverClick: true, moz:windowless: false, pageLoadStrategy: normal, platformName: linux, proxy: Proxy(), se:cdp: ws://127.0.0.1:20235/devtoo..., se:cdpVersion: 85.0, setWindowRect: true, strictFileInteractability: false, timeouts: {implicit: 0, pageLoad: 300000, script: 30000}, unhandledPromptBehavior: dismiss and notify, userAgent: Mozilla/5.0 (X11; Linux x86...}\nElement: [[FirefoxDriver: firefox on linux (28498ca9-8d27-4ac8-92ee-410533d096a0)] -> xpath: //a[@class='AppHeader_header__link__3D_hX' and @href='/account']]\nSession ID: 28498ca9-8d27-4ac8-92ee-410533d096a0","trace":"org.openqa.selenium.ElementClickInterceptedException: Element <a class=\"AppHeader_header__link__3D_hX\" href=\"/account\"> is not clickable at point (1176,44) because another element <div class=\"Modal_modal_overlay__x2ZCr\"> obscures it\nBuild info: version: '4.27.0', revision: 'd6e718d134'\nSystem info: os.name: 'Linux', os.arch: 'amd64', os.version: '6.7.12-x64v4-xanmod1', java.version: '11.0.25'\nDriver info: org.openqa.selenium.firefox.FirefoxDriver\nCommand: [28498ca9-8d27-4ac8-92ee-410533d096a0, clickElement {id=a818e537-40b7-48e7-9fa5-51ad27520e5c}]\nCapabilities {acceptInsecureCerts: true, browserName: firefox, browserVersion: 132.0.1, moz:accessibilityChecks: false, moz:buildID: 20241103194048, moz:debuggerAddress: 127.0.0.1:20235, moz:geckodriverVersion: 0.35.0, moz:headless: false, moz:platformVersion: 6.7.12-x64v4-xanmod1, moz:processID: 41120, moz:profile: /tmp/rust_mozprofile489MXq, moz:shutdownTimeout: 60000, moz:webdriverClick: true, moz:windowless: false, pageLoadStrategy: normal, platformName: linux, proxy: Proxy(), se:cdp: ws://127.0.0.1:20235/devtoo..., se:cdpVersion: 85.0, setWindowRect: true, strictFileInteractability: false, timeouts: {implicit: 0, pageLoad: 300000, script: 30000}, unhandledPromptBehavior: dismiss and notify, userAgent: Mozilla/5.0 (X11; Linux x86...}\nElement: [[FirefoxDriver: firefox on linux (28498ca9-8d27-4ac8-92ee-410533d096a0)] -> xpath: //a[@class='AppHeader_header__link__3D_hX' and @href='/account']]\nSession ID: 28498ca9-8d27-4ac8-92ee-410533d096a0\n\tat java.base/jdk.internal.reflect.NativeConstructorAccessorImpl.newInstance0(Native Method)\n\tat java.base/jdk.internal.reflect.NativeConstructorAccessorImpl.newInstance(NativeConstructorAccessorImpl.java:62)\n\tat java.base/jdk.internal.reflect.DelegatingConstructorAccessorImpl.newInstance(DelegatingConstructorAccessorImpl.java:45)\n\tat java.base/java.lang.reflect.Constructor.newInstance(Constructor.java:490)\n\tat org.openqa.selenium.remote.ErrorCodec.decode(ErrorCodec.java:167)\n\tat org.openqa.selenium.remote.codec.w3c.W3CHttpResponseCodec.decode(W3CHttpResponseCodec.java:138)\n\tat org.openqa.selenium.remote.codec.w3c.W3CHttpResponseCodec.decode(W3CHttpResponseCodec.java:50)\n\tat org.openqa.selenium.remote.HttpCommandExecutor.execute(HttpCommandExecutor.java:190)\n\tat org.openqa.selenium.remote.service.DriverCommandExecutor.invokeExecute(DriverCommandExecutor.java:216)\n\tat org.openqa.selenium.remote.service.DriverCommandExecutor.execute(DriverCommandExecutor.java:174)\n\tat org.openqa.selenium.remote.RemoteWebDriver.execute(RemoteWebDriver.java:545)\n\tat org.openqa.selenium.remote.RemoteWebElement.execute(RemoteWebElement.java:223)\n\tat org.openqa.selenium.remote.RemoteWebElement.click(RemoteWebElement.java:76)\n\tat src.MainPage.clickPersonalAccountButton(MainPage.java:27)\n\tat src.RegistrationUserTest.testRegistrationYandex(RegistrationUserTest.java:102)\n\tat java.base/jdk.internal.reflect.NativeMethodAccessorImpl.invoke0(Native Method)\n\tat java.base/jdk.internal.reflect.NativeMethodAccessorImpl.invoke(NativeMethodAccessorImpl.java:62)\n\tat java.base/jdk.internal.reflect.DelegatingMethodAccessorImpl.invoke(DelegatingMethodAccessorImpl.java:43)\n\tat java.base/java.lang.reflect.Method.invoke(Method.java:566)\n\tat org.junit.runners.model.FrameworkMethod$1.runReflectiveCall(FrameworkMethod.java:59)\n\tat org.junit.internal.runners.model.ReflectiveCallable.run(ReflectiveCallable.java:12)\n\tat org.junit.runners.model.FrameworkMethod.invokeExplosively(FrameworkMethod.java:56)\n\tat org.junit.internal.runners.statements.InvokeMethod.evaluate(InvokeMethod.java:17)\n\tat org.junit.internal.runners.statements.RunBefores.evaluate(RunBefores.java:26)\n\tat org.junit.internal.runners.statements.RunAfters.evaluate(RunAfters.java:27)\n\tat org.junit.runners.ParentRunner$3.evaluate(ParentRunner.java:306)\n\tat org.junit.runners.BlockJUnit4ClassRunner$1.evaluate(BlockJUnit4ClassRunner.java:100)\n\tat org.junit.runners.ParentRunner.runLeaf(ParentRunner.java:366)\n\tat org.junit.runners.BlockJUnit4ClassRunner.runChild(BlockJUnit4ClassRunner.java:103)\n\tat org.junit.runners.BlockJUnit4ClassRunner.runChild(BlockJUnit4ClassRunner.java:63)\n\tat org.junit.runners.ParentRunner$4.run(ParentRunner.java:331)\n\tat org.junit.runners.ParentRunner$1.schedule(ParentRunner.java:79)\n\tat org.junit.runners.ParentRunner.runChildren(ParentRunner.java:329)\n\tat org.junit.runners.ParentRunner.access$100(ParentRunner.java:66)\n\tat org.junit.runners.ParentRunner$2.evaluate(ParentRunner.java:293)\n\tat org.junit.runners.ParentRunner$3.evaluate(ParentRunner.java:306)\n\tat org.junit.runners.ParentRunner.run(ParentRunner.java:413)\n\tat org.apache.maven.surefire.junit4.JUnit4Provider.execute(JUnit4Provider.java:365)\n\tat org.apache.maven.surefire.junit4.JUnit4Provider.executeWithRerun(JUnit4Provider.java:273)\n\tat org.apache.maven.surefire.junit4.JUnit4Provider.executeTestSet(JUnit4Provider.java:238)\n\tat org.apache.maven.surefire.junit4.JUnit4Provider.invoke(JUnit4Provider.java:159)\n\tat org.apache.maven.surefire.booter.ForkedBooter.invokeProviderInSameClassLoader(ForkedBooter.java:384)\n\tat org.apache.maven.surefire.booter.ForkedBooter.runSuitesInProcess(ForkedBooter.java:345)\n\tat org.apache.maven.surefire.booter.ForkedBooter.execute(ForkedBooter.java:126)\n\tat org.apache.maven.surefire.booter.ForkedBooter.main(ForkedBooter.java:418)\n"},"stage":"finished","steps":[],"attachments":[],"parameters":[],"start":1734172101957,"stop":1734172108116},{"name":"Close browser","status":"passed","stage":"finished","steps":[],"attachments":[],"parameters":[],"start":1734172108116,"stop":1734172108849}],"attachments":[],"parameters":[],"start":1734172101956,"stop":1734172108850}